<?xml version="1.0" encoding="UTF-8"?>
<!-- Generated by org.testng.reporters.JUnitReportReporter -->
<testsuite hostname="KRUSHANA" failures="0" tests="1" name="restasuured.TokenizedAuthorization" time="21.665" errors="0" timestamp="2022-08-15T11:37:53 IST" skipped="0">
  <testcase classname="restasuured.TokenizedAuthorization" name="addBookwithToken" time="21.665"/>
  <system-out/>
</testsuite> <!-- restasuured.TokenizedAuthorization -->
