<?xml version="1.0" encoding="UTF-8"?>
<!-- Generated by org.testng.reporters.JUnitReportReporter -->
<testsuite hostname="KRUSHANA" failures="0" tests="1" name="restasuured.Requests" time="7.898" errors="0" timestamp="2022-08-08T23:25:30 IST" skipped="0">
  <testcase classname="restasuured.Requests" name="authRequest" time="7.898"/>
  <system-out/>
</testsuite> <!-- restasuured.Requests -->
